[INFO] 2026-01-09 14:08:46.572 已加载开发环境变量: Z:\PythonWorkSpace\sophyverse-platform-backend\src\slide-svc\appconfig.json
[INFO] 2026-01-09 14:08:46.572 正在启动Celery worker...
[INFO] 2026-01-09 14:08:46.573 日志文件: Z:\PythonWorkSpace\sophyverse-platform-backend\src\slide-svc\logs\celery_worker.log
[INFO] 2026-01-09 14:08:46.582 Celery worker已启动，PID: 41612
[INFO] 2026-01-09 14:08:51.119 Starting slide-svc on port 5003
[INFO] 2026-01-09 14:08:51.229 正在初始化数据库连接...
[INFO] 2026-01-09 14:08:51.749 数据库初始化完成
[INFO] 2026-01-09 14:08:51.751 正在初始化Redis队列...
[INFO] 2026-01-09 14:08:52.204 Redis队列初始化完成 - 运行中: 0, 等待中: 0
[INFO] 2026-01-09 14:12:50.016 已加载开发环境变量: Z:\PythonWorkSpace\sophyverse-platform-backend\src\slide-svc\appconfig.json
[INFO] 2026-01-09 14:12:50.016 正在启动Celery worker...
[INFO] 2026-01-09 14:12:50.017 日志文件: Z:\PythonWorkSpace\sophyverse-platform-backend\src\slide-svc\logs\celery_worker.log
[INFO] 2026-01-09 14:12:50.026 Celery worker已启动，PID: 36468
[INFO] 2026-01-09 14:12:54.457 Starting slide-svc on port 5003
[INFO] 2026-01-09 14:12:54.550 正在初始化数据库连接...
[INFO] 2026-01-09 14:12:54.632 数据库初始化完成
[INFO] 2026-01-09 14:12:54.633 正在初始化Redis队列...
[INFO] 2026-01-09 14:12:56.681 Redis队列初始化完成 - 运行中: 0, 等待中: 0
[INFO] 2026-01-09 14:32:58.453 已加载开发环境变量: Z:\PythonWorkSpace\sophyverse-platform-backend\src\slide-svc\appconfig.json
[INFO] 2026-01-09 14:32:58.454 正在启动Celery worker...
[INFO] 2026-01-09 14:32:58.454 日志文件: Z:\PythonWorkSpace\sophyverse-platform-backend\src\slide-svc\logs\celery_worker.log
[INFO] 2026-01-09 14:32:58.466 Celery worker已启动，PID: 61660
[INFO] 2026-01-09 14:33:02.862 Starting slide-svc on port 5003
[INFO] 2026-01-09 14:33:02.950 正在初始化数据库连接...
[INFO] 2026-01-09 14:33:03.011 数据库初始化完成
[INFO] 2026-01-09 14:33:03.011 正在初始化Redis队列...
[INFO] 2026-01-09 14:33:05.074 已将中断的任务标记为失败: 56039e63-de7c-4909-aac9-dadaa9a37ac4
[INFO] 2026-01-09 14:33:05.078 Redis队列初始化完成 - 运行中: 0, 等待中: 0
[INFO] 2026-01-09 14:50:11.632 已加载开发环境变量: Z:\PythonWorkSpace\sophyverse-platform-backend\src\slide-svc\appconfig.json
[INFO] 2026-01-09 14:50:11.633 正在启动Celery worker...
[INFO] 2026-01-09 14:50:11.633 日志文件: Z:\PythonWorkSpace\sophyverse-platform-backend\src\slide-svc\logs\celery_worker.log
[INFO] 2026-01-09 14:50:11.647 Celery worker已启动，PID: 92192
[INFO] 2026-01-09 14:50:15.801 Starting slide-svc on port 5003
[INFO] 2026-01-09 14:50:15.875 正在初始化数据库连接...
[INFO] 2026-01-09 14:50:15.921 数据库初始化完成
[INFO] 2026-01-09 14:50:15.921 正在初始化Redis队列...
[INFO] 2026-01-09 14:50:17.977 已将中断的任务标记为失败: b9bd2879-d3da-48e2-811e-8e30cb41668f
[INFO] 2026-01-09 14:50:17.982 Redis队列初始化完成 - 运行中: 0, 等待中: 0
[INFO] 2026-01-09 15:29:10.265 已加载开发环境变量: Z:\PythonWorkSpace\sophyverse-platform-backend\src\slide-svc\appconfig.json
[INFO] 2026-01-09 15:29:10.265 正在启动Celery worker...
[INFO] 2026-01-09 15:29:10.266 日志文件: Z:\PythonWorkSpace\sophyverse-platform-backend\src\slide-svc\logs\celery_worker.log
[INFO] 2026-01-09 15:29:10.275 Celery worker已启动，PID: 92192
[INFO] 2026-01-09 15:29:15.295 Starting slide-svc on port 5003
[INFO] 2026-01-09 15:29:15.395 正在初始化数据库连接...
[INFO] 2026-01-09 15:29:15.464 数据库初始化完成
[INFO] 2026-01-09 15:29:15.465 正在初始化Redis队列...
[INFO] 2026-01-09 15:29:17.542 Redis队列初始化完成 - 运行中: 0, 等待中: 0
[INFO] 2026-01-09 15:31:15.347 已加载开发环境变量: Z:\PythonWorkSpace\sophyverse-platform-backend\src\slide-svc\appconfig.json
[INFO] 2026-01-09 15:31:15.348 正在启动Celery worker...
[INFO] 2026-01-09 15:31:15.348 日志文件: Z:\PythonWorkSpace\sophyverse-platform-backend\src\slide-svc\logs\celery_worker.log
[INFO] 2026-01-09 15:31:15.362 Celery worker已启动，PID: 65764
[INFO] 2026-01-09 15:31:19.686 Starting slide-svc on port 5003
[INFO] 2026-01-09 15:31:19.782 正在初始化数据库连接...
[INFO] 2026-01-09 15:31:19.817 数据库初始化完成
[INFO] 2026-01-09 15:31:19.818 正在初始化Redis队列...
[INFO] 2026-01-09 15:31:21.867 已将中断的任务标记为失败: af1545ed-106c-4ee9-89e6-2ee4d091dc52
[INFO] 2026-01-09 15:31:21.873 Redis队列初始化完成 - 运行中: 0, 等待中: 0
[INFO] 2026-01-09 15:35:55.498 已加载开发环境变量: Z:\PythonWorkSpace\sophyverse-platform-backend\src\slide-svc\appconfig.json
[INFO] 2026-01-09 15:35:55.499 正在启动Celery worker...
[INFO] 2026-01-09 15:35:55.499 日志文件: Z:\PythonWorkSpace\sophyverse-platform-backend\src\slide-svc\logs\celery_worker.log
[INFO] 2026-01-09 15:35:55.508 Celery worker已启动，PID: 85904
[INFO] 2026-01-09 15:36:00.587 Starting slide-svc on port 5003
[INFO] 2026-01-09 15:36:00.697 正在初始化数据库连接...
[INFO] 2026-01-09 15:36:00.738 数据库初始化完成
[INFO] 2026-01-09 15:36:00.739 正在初始化Redis队列...
[INFO] 2026-01-09 15:36:02.793 Redis队列初始化完成 - 运行中: 0, 等待中: 0
[INFO] 2026-01-09 15:41:37.821 已加载开发环境变量: Z:\PythonWorkSpace\sophyverse-platform-backend\src\slide-svc\appconfig.json
[INFO] 2026-01-09 15:41:37.822 正在启动Celery worker...
[INFO] 2026-01-09 15:41:37.823 日志文件: Z:\PythonWorkSpace\sophyverse-platform-backend\src\slide-svc\logs\celery_worker.log
[INFO] 2026-01-09 15:41:37.826 Celery worker已启动，PID: 59556
[INFO] 2026-01-09 15:41:40.630 Starting slide-svc on port 5003
[INFO] 2026-01-09 15:41:40.659 正在初始化数据库连接...
[INFO] 2026-01-09 15:41:40.704 数据库初始化完成
[INFO] 2026-01-09 15:41:40.706 正在初始化Redis队列...
[INFO] 2026-01-09 15:41:42.757 Redis队列初始化完成 - 运行中: 0, 等待中: 0
[INFO] 2026-01-09 15:58:23.817 已加载开发环境变量: Z:\PythonWorkSpace\sophyverse-platform-backend\src\slide-svc\appconfig.json
[INFO] 2026-01-09 15:58:23.818 正在启动Celery worker...
[INFO] 2026-01-09 15:58:23.818 日志文件: Z:\PythonWorkSpace\sophyverse-platform-backend\src\slide-svc\logs\celery_worker.log
[INFO] 2026-01-09 15:58:23.825 Celery worker已启动，PID: 91236
[INFO] 2026-01-09 15:58:28.699 Starting slide-svc on port 5003
[INFO] 2026-01-09 15:58:28.796 正在初始化数据库连接...
[INFO] 2026-01-09 15:58:28.833 数据库初始化完成
[INFO] 2026-01-09 15:58:28.834 正在初始化Redis队列...
[INFO] 2026-01-09 15:58:30.877 Redis队列初始化完成 - 运行中: 0, 等待中: 0
[INFO] 2026-01-09 16:12:13.218 已加载开发环境变量: Z:\PythonWorkSpace\sophyverse-platform-backend\src\slide-svc\appconfig.json
[INFO] 2026-01-09 16:12:13.219 正在启动Celery worker...
[INFO] 2026-01-09 16:12:13.219 日志文件: Z:\PythonWorkSpace\sophyverse-platform-backend\src\slide-svc\logs\celery_worker.log
[INFO] 2026-01-09 16:12:13.228 Celery worker已启动，PID: 69860
[INFO] 2026-01-09 16:12:17.357 Starting slide-svc on port 5003
[INFO] 2026-01-09 16:12:17.443 正在初始化数据库连接...
[INFO] 2026-01-09 16:12:17.480 数据库初始化完成
[INFO] 2026-01-09 16:12:17.480 正在初始化Redis队列...
[INFO] 2026-01-09 16:12:19.554 Redis队列初始化完成 - 运行中: 0, 等待中: 0
[INFO] 2026-01-09 16:48:31.464 已加载开发环境变量: Z:\PythonWorkSpace\sophyverse-platform-backend\src\slide-svc\appconfig.json
[INFO] 2026-01-09 16:48:31.465 正在启动Celery worker...
[INFO] 2026-01-09 16:48:31.465 日志文件: Z:\PythonWorkSpace\sophyverse-platform-backend\src\slide-svc\logs\celery_worker.log
[INFO] 2026-01-09 16:48:31.475 Celery worker已启动，PID: 41276
[INFO] 2026-01-09 16:48:37.141 Starting slide-svc on port 5003
[INFO] 2026-01-09 16:48:37.330 正在初始化数据库连接...
[INFO] 2026-01-09 16:48:37.402 数据库初始化完成
[INFO] 2026-01-09 16:48:37.403 正在初始化Redis队列...
[INFO] 2026-01-09 16:48:39.470 Redis队列初始化完成 - 运行中: 0, 等待中: 0
[INFO] 2026-01-09 17:01:50.217 已加载开发环境变量: Z:\PythonWorkSpace\sophyverse-platform-backend\src\slide-svc\appconfig.json
[INFO] 2026-01-09 17:01:50.218 正在启动Celery worker...
[INFO] 2026-01-09 17:01:50.218 日志文件: Z:\PythonWorkSpace\sophyverse-platform-backend\src\slide-svc\logs\celery_worker.log
[INFO] 2026-01-09 17:01:50.225 Celery worker已启动，PID: 37900
[INFO] 2026-01-09 17:01:55.367 Starting slide-svc on port 5003
[INFO] 2026-01-09 17:01:55.504 正在初始化数据库连接...
[INFO] 2026-01-09 17:01:55.543 数据库初始化完成
[INFO] 2026-01-09 17:01:55.543 正在初始化Redis队列...
[INFO] 2026-01-09 17:01:57.608 已将中断的任务标记为失败: 14c105ee-1e08-4a22-9f5b-247ec628cf29
[INFO] 2026-01-09 17:01:57.617 Redis队列初始化完成 - 运行中: 0, 等待中: 0
[INFO] 2026-01-09 17:17:49.672 已加载开发环境变量: Z:\PythonWorkSpace\sophyverse-platform-backend\src\slide-svc\appconfig.json
[INFO] 2026-01-09 17:17:49.673 正在启动Celery worker...
[INFO] 2026-01-09 17:17:49.674 日志文件: Z:\PythonWorkSpace\sophyverse-platform-backend\src\slide-svc\logs\celery_worker.log
[INFO] 2026-01-09 17:17:49.687 Celery worker已启动，PID: 66020
[INFO] 2026-01-09 17:17:57.150 Starting slide-svc on port 5003
[INFO] 2026-01-09 17:17:57.371 正在初始化数据库连接...
[INFO] 2026-01-09 17:17:57.486 数据库初始化完成
[INFO] 2026-01-09 17:17:57.488 正在初始化Redis队列...
[INFO] 2026-01-09 17:17:59.597 Redis队列初始化完成 - 运行中: 0, 等待中: 0
