[INFO] 2026-01-11 12:01:48.554 已加载开发环境变量: Z:\PythonWorkSpace\sophyverse-platform-backend\src\slide-svc\appconfig.json
[INFO] 2026-01-11 12:01:48.554 正在启动Celery worker...
[INFO] 2026-01-11 12:01:48.555 日志文件: Z:\PythonWorkSpace\sophyverse-platform-backend\src\slide-svc\logs\celery_worker.log
[INFO] 2026-01-11 12:01:48.566 Celery worker已启动，PID: 110660
[INFO] 2026-01-11 12:01:53.839 Starting slide-svc on port 5003
[INFO] 2026-01-11 12:01:53.925 正在初始化数据库连接...
[INFO] 2026-01-11 12:01:53.975 数据库初始化完成
[INFO] 2026-01-11 12:01:53.977 正在初始化Redis队列...
[INFO] 2026-01-11 12:01:56.053 Redis队列初始化完成 - 运行中: 0, 等待中: 0
[INFO] 2026-01-11 12:13:52.524 已加载开发环境变量: Z:\PythonWorkSpace\sophyverse-platform-backend\src\slide-svc\appconfig.json
[INFO] 2026-01-11 12:13:52.525 正在启动Celery worker...
[INFO] 2026-01-11 12:13:52.525 日志文件: Z:\PythonWorkSpace\sophyverse-platform-backend\src\slide-svc\logs\celery_worker.log
[INFO] 2026-01-11 12:13:52.532 Celery worker已启动，PID: 130628
[INFO] 2026-01-11 12:13:56.943 Starting slide-svc on port 5003
[INFO] 2026-01-11 12:13:57.024 正在初始化数据库连接...
[INFO] 2026-01-11 12:13:57.085 数据库初始化完成
[INFO] 2026-01-11 12:13:57.085 正在初始化Redis队列...
[INFO] 2026-01-11 12:14:01.184 已将中断的任务标记为失败: 14c105ee-1e08-4a22-9f5b-247ec628cf29
[INFO] 2026-01-11 12:14:01.189 Redis队列初始化完成 - 运行中: 0, 等待中: 0
[INFO] 2026-01-11 12:38:47.494 已加载开发环境变量: Z:\PythonWorkSpace\sophyverse-platform-backend\src\slide-svc\appconfig.json
[INFO] 2026-01-11 12:38:47.495 正在启动Celery worker...
[INFO] 2026-01-11 12:38:47.495 日志文件: Z:\PythonWorkSpace\sophyverse-platform-backend\src\slide-svc\logs\celery_worker.log
[INFO] 2026-01-11 12:38:47.505 Celery worker已启动，PID: 131756
[INFO] 2026-01-11 12:38:52.467 Starting slide-svc on port 5003
[INFO] 2026-01-11 12:38:52.561 正在初始化数据库连接...
[INFO] 2026-01-11 12:38:52.594 数据库初始化完成
[INFO] 2026-01-11 12:38:52.594 正在初始化Redis队列...
[INFO] 2026-01-11 12:38:56.716 Redis队列初始化完成 - 运行中: 0, 等待中: 0
[INFO] 2026-01-11 12:50:23.207 已加载开发环境变量: Z:\PythonWorkSpace\sophyverse-platform-backend\src\slide-svc\appconfig.json
[INFO] 2026-01-11 12:50:23.208 正在启动Celery worker...
[INFO] 2026-01-11 12:50:23.208 日志文件: Z:\PythonWorkSpace\sophyverse-platform-backend\src\slide-svc\logs\celery_worker.log
[INFO] 2026-01-11 12:50:23.216 Celery worker已启动，PID: 130540
[INFO] 2026-01-11 12:50:27.676 Starting slide-svc on port 5003
[INFO] 2026-01-11 12:50:27.744 正在初始化数据库连接...
[INFO] 2026-01-11 12:50:27.774 数据库初始化完成
[INFO] 2026-01-11 12:50:27.774 正在初始化Redis队列...
[INFO] 2026-01-11 12:50:31.898 Redis队列初始化完成 - 运行中: 0, 等待中: 0
[INFO] 2026-01-11 12:55:01.426 已加载开发环境变量: Z:\PythonWorkSpace\sophyverse-platform-backend\src\slide-svc\appconfig.json
[INFO] 2026-01-11 12:55:01.426 正在启动Celery worker...
[INFO] 2026-01-11 12:55:01.426 日志文件: Z:\PythonWorkSpace\sophyverse-platform-backend\src\slide-svc\logs\celery_worker.log
[INFO] 2026-01-11 12:55:01.435 Celery worker已启动，PID: 132496
[INFO] 2026-01-11 12:55:05.482 Starting slide-svc on port 5003
[INFO] 2026-01-11 12:55:05.551 正在初始化数据库连接...
[INFO] 2026-01-11 12:55:05.594 数据库初始化完成
[INFO] 2026-01-11 12:55:05.594 正在初始化Redis队列...
[INFO] 2026-01-11 12:55:09.683 Redis队列初始化完成 - 运行中: 0, 等待中: 0
[INFO] 2026-01-11 13:19:01.683 已加载开发环境变量: Z:\PythonWorkSpace\sophyverse-platform-backend\src\slide-svc\appconfig.json
[INFO] 2026-01-11 13:19:01.684 正在启动Celery worker...
[INFO] 2026-01-11 13:19:01.684 日志文件: Z:\PythonWorkSpace\sophyverse-platform-backend\src\slide-svc\logs\celery_worker.log
[INFO] 2026-01-11 13:19:01.692 Celery worker已启动，PID: 131164
[INFO] 2026-01-11 13:19:05.828 Starting slide-svc on port 5003
[INFO] 2026-01-11 13:19:05.892 正在初始化数据库连接...
[INFO] 2026-01-11 13:19:05.917 数据库初始化完成
[INFO] 2026-01-11 13:19:05.918 正在初始化Redis队列...
[INFO] 2026-01-11 13:19:10.004 Redis队列初始化完成 - 运行中: 0, 等待中: 0
[INFO] 2026-01-11 13:58:28.145 已加载开发环境变量: Z:\PythonWorkSpace\sophyverse-platform-backend\src\slide-svc\appconfig.json
[INFO] 2026-01-11 13:58:28.146 正在启动Celery worker...
[INFO] 2026-01-11 13:58:28.147 日志文件: Z:\PythonWorkSpace\sophyverse-platform-backend\src\slide-svc\logs\celery_worker.log
[INFO] 2026-01-11 13:58:28.156 Celery worker已启动，PID: 56300
[INFO] 2026-01-11 13:58:32.872 Starting slide-svc on port 5003
[INFO] 2026-01-11 13:58:32.977 正在初始化数据库连接...
[INFO] 2026-01-11 13:58:33.041 数据库初始化完成
[INFO] 2026-01-11 13:58:33.041 正在初始化Redis队列...
[INFO] 2026-01-11 13:58:37.185 Redis队列初始化完成 - 运行中: 0, 等待中: 0
