[INFO] 2026-01-08 09:34:20.906 已加载开发环境变量: Z:\PythonWorkSpace\sophyverse-platform-backend\src\slide-svc\appconfig.json
[INFO] 2026-01-08 09:34:20.907 正在启动Celery worker...
[INFO] 2026-01-08 09:34:20.907 日志文件: Z:\PythonWorkSpace\sophyverse-platform-backend\src\slide-svc\logs\celery_worker.log
[INFO] 2026-01-08 09:34:20.912 Celery worker已启动，PID: 25428
[INFO] 2026-01-08 09:34:23.417 正在停止Celery worker (PID: 25428)...
[INFO] 2026-01-08 09:34:23.447 Celery worker已停止
[INFO] 2026-01-08 09:39:11.901 已加载开发环境变量: Z:\PythonWorkSpace\sophyverse-platform-backend\src\slide-svc\appconfig.json
[INFO] 2026-01-08 09:39:11.901 正在启动Celery worker...
[INFO] 2026-01-08 09:39:11.902 日志文件: Z:\PythonWorkSpace\sophyverse-platform-backend\src\slide-svc\logs\celery_worker.log
[INFO] 2026-01-08 09:39:11.906 Celery worker已启动，PID: 83496
[INFO] 2026-01-08 09:39:16.021 Starting slide-svc on port 5003
[INFO] 2026-01-08 09:39:16.071 正在初始化数据库连接...
[INFO] 2026-01-08 09:39:16.104 数据库初始化完成
[INFO] 2026-01-08 09:39:16.105 正在初始化Redis队列...
[INFO] 2026-01-08 09:39:18.474 Redis队列初始化完成 - 运行中: 3, 等待中: 1
[INFO] 2026-01-08 09:52:10.324 已加载开发环境变量: Z:\PythonWorkSpace\sophyverse-platform-backend\src\slide-svc\appconfig.json
[INFO] 2026-01-08 09:52:10.325 正在启动Celery worker...
[INFO] 2026-01-08 09:52:10.325 日志文件: Z:\PythonWorkSpace\sophyverse-platform-backend\src\slide-svc\logs\celery_worker.log
[INFO] 2026-01-08 09:52:10.336 Celery worker已启动，PID: 91608
[INFO] 2026-01-08 09:52:14.777 Starting slide-svc on port 5003
[INFO] 2026-01-08 09:52:14.868 正在初始化数据库连接...
[INFO] 2026-01-08 09:52:14.905 数据库初始化完成
[INFO] 2026-01-08 09:52:14.906 正在初始化Redis队列...
[INFO] 2026-01-08 09:52:16.973 Redis队列初始化完成 - 运行中: 3, 等待中: 1
[INFO] 2026-01-08 09:52:16.978 正在关闭数据库连接...
[INFO] 2026-01-08 09:52:16.984 数据库连接已关闭
[INFO] 2026-01-08 09:52:16.988 正在停止Celery worker (PID: 91608)...
[INFO] 2026-01-08 09:52:17.026 Celery worker已停止
[INFO] 2026-01-08 10:01:10.302 已加载开发环境变量: Z:\PythonWorkSpace\sophyverse-platform-backend\src\slide-svc\appconfig.json
[INFO] 2026-01-08 10:01:10.302 正在启动Celery worker...
[INFO] 2026-01-08 10:01:10.303 日志文件: Z:\PythonWorkSpace\sophyverse-platform-backend\src\slide-svc\logs\celery_worker.log
[INFO] 2026-01-08 10:01:10.311 Celery worker已启动，PID: 83552
[INFO] 2026-01-08 10:01:14.860 Starting slide-svc on port 5003
[INFO] 2026-01-08 10:01:14.978 正在初始化数据库连接...
[INFO] 2026-01-08 10:01:15.012 数据库初始化完成
[INFO] 2026-01-08 10:01:15.013 正在初始化Redis队列...
[INFO] 2026-01-08 10:01:17.074 Redis队列初始化完成 - 运行中: 3, 等待中: 1
[INFO] 2026-01-08 10:13:03.397 已加载开发环境变量: Z:\PythonWorkSpace\sophyverse-platform-backend\src\slide-svc\appconfig.json
[INFO] 2026-01-08 10:13:03.398 正在启动Celery worker...
[INFO] 2026-01-08 10:13:03.398 日志文件: Z:\PythonWorkSpace\sophyverse-platform-backend\src\slide-svc\logs\celery_worker.log
[INFO] 2026-01-08 10:13:03.409 Celery worker已启动，PID: 9948
[INFO] 2026-01-08 10:13:08.208 Starting slide-svc on port 5003
[INFO] 2026-01-08 10:13:08.328 正在初始化数据库连接...
[INFO] 2026-01-08 10:13:08.376 数据库初始化完成
[INFO] 2026-01-08 10:13:08.376 正在初始化Redis队列...
[INFO] 2026-01-08 10:13:10.440 已将中断的任务标记为失败: 10bccd2b-27fe-4eb6-9653-331fd8a17a99
[INFO] 2026-01-08 10:13:10.441 已将中断的任务标记为失败: 7857fcc3-7fa5-4b99-9bca-6adde6b385c3
[INFO] 2026-01-08 10:13:10.445 已将中断的任务标记为失败: 97aed6d1-36c3-4a2b-b69c-3d151ad282e9
[INFO] 2026-01-08 10:13:10.455 Redis队列初始化完成 - 运行中: 0, 等待中: 1
[INFO] 2026-01-08 10:20:07.102 已加载开发环境变量: Z:\PythonWorkSpace\sophyverse-platform-backend\src\slide-svc\appconfig.json
[INFO] 2026-01-08 10:20:07.103 正在启动Celery worker...
[INFO] 2026-01-08 10:20:07.103 日志文件: Z:\PythonWorkSpace\sophyverse-platform-backend\src\slide-svc\logs\celery_worker.log
[INFO] 2026-01-08 10:20:07.111 Celery worker已启动，PID: 88540
[INFO] 2026-01-08 10:20:11.266 Starting slide-svc on port 5003
[INFO] 2026-01-08 10:20:11.329 正在初始化数据库连接...
[INFO] 2026-01-08 10:20:11.416 数据库初始化完成
[INFO] 2026-01-08 10:20:11.417 正在初始化Redis队列...
[INFO] 2026-01-08 10:20:13.478 已将等待任务标记为失败: a01eea1b-4806-49d2-bf2e-e6c7874f5330
[INFO] 2026-01-08 10:20:13.486 Redis队列初始化完成 - 运行中: 0, 等待中: 0
[INFO] 2026-01-08 10:24:55.179 已加载开发环境变量: Z:\PythonWorkSpace\sophyverse-platform-backend\src\slide-svc\appconfig.json
[INFO] 2026-01-08 10:24:55.180 正在启动Celery worker...
[INFO] 2026-01-08 10:24:55.180 日志文件: Z:\PythonWorkSpace\sophyverse-platform-backend\src\slide-svc\logs\celery_worker.log
[INFO] 2026-01-08 10:24:55.189 Celery worker已启动，PID: 69980
[INFO] 2026-01-08 10:24:59.284 Starting slide-svc on port 5003
[INFO] 2026-01-08 10:24:59.361 正在初始化数据库连接...
[INFO] 2026-01-08 10:24:59.427 数据库初始化完成
[INFO] 2026-01-08 10:24:59.428 正在初始化Redis队列...
[INFO] 2026-01-08 10:25:01.491 Redis队列初始化完成 - 运行中: 0, 等待中: 0
[INFO] 2026-01-08 10:56:19.033 已加载开发环境变量: Z:\PythonWorkSpace\sophyverse-platform-backend\src\slide-svc\appconfig.json
[INFO] 2026-01-08 10:56:19.034 正在启动Celery worker...
[INFO] 2026-01-08 10:56:19.034 日志文件: Z:\PythonWorkSpace\sophyverse-platform-backend\src\slide-svc\logs\celery_worker.log
[INFO] 2026-01-08 10:56:19.043 Celery worker已启动，PID: 94140
[INFO] 2026-01-08 10:56:23.874 Starting slide-svc on port 5003
[INFO] 2026-01-08 10:56:23.988 正在初始化数据库连接...
[INFO] 2026-01-08 10:56:24.033 数据库初始化完成
[INFO] 2026-01-08 10:56:24.034 正在初始化Redis队列...
[INFO] 2026-01-08 10:56:26.068 已将中断的任务标记为失败: f41dd0ee-298b-42c3-9f98-2191b3c75596
[INFO] 2026-01-08 10:56:26.077 Redis队列初始化完成 - 运行中: 0, 等待中: 0
[INFO] 2026-01-08 11:01:43.737 已加载开发环境变量: Z:\PythonWorkSpace\sophyverse-platform-backend\src\slide-svc\appconfig.json
[INFO] 2026-01-08 11:01:43.737 正在启动Celery worker...
[INFO] 2026-01-08 11:01:43.738 日志文件: Z:\PythonWorkSpace\sophyverse-platform-backend\src\slide-svc\logs\celery_worker.log
[INFO] 2026-01-08 11:01:43.747 Celery worker已启动，PID: 20068
[INFO] 2026-01-08 11:01:47.770 Starting slide-svc on port 5003
[INFO] 2026-01-08 11:01:47.835 正在初始化数据库连接...
[INFO] 2026-01-08 11:01:47.891 数据库初始化完成
[INFO] 2026-01-08 11:01:47.893 正在初始化Redis队列...
[INFO] 2026-01-08 11:01:49.927 Redis队列初始化完成 - 运行中: 0, 等待中: 0
[INFO] 2026-01-08 11:08:24.216 已加载开发环境变量: Z:\PythonWorkSpace\sophyverse-platform-backend\src\slide-svc\appconfig.json
[INFO] 2026-01-08 11:08:24.216 正在启动Celery worker...
[INFO] 2026-01-08 11:08:24.217 日志文件: Z:\PythonWorkSpace\sophyverse-platform-backend\src\slide-svc\logs\celery_worker.log
[INFO] 2026-01-08 11:08:24.224 Celery worker已启动，PID: 64396
[INFO] 2026-01-08 11:08:28.391 Starting slide-svc on port 5003
[INFO] 2026-01-08 11:08:28.469 正在初始化数据库连接...
[INFO] 2026-01-08 11:08:28.529 数据库初始化完成
[INFO] 2026-01-08 11:08:28.530 正在初始化Redis队列...
[INFO] 2026-01-08 11:08:30.619 Redis队列初始化完成 - 运行中: 0, 等待中: 0
[INFO] 2026-01-08 11:20:27.329 已加载开发环境变量: Z:\PythonWorkSpace\sophyverse-platform-backend\src\slide-svc\appconfig.json
[INFO] 2026-01-08 11:20:27.329 正在启动Celery worker...
[INFO] 2026-01-08 11:20:27.330 日志文件: Z:\PythonWorkSpace\sophyverse-platform-backend\src\slide-svc\logs\celery_worker.log
[INFO] 2026-01-08 11:20:27.338 Celery worker已启动，PID: 70372
[INFO] 2026-01-08 11:20:31.828 Starting slide-svc on port 5003
[INFO] 2026-01-08 11:20:31.938 正在初始化数据库连接...
[INFO] 2026-01-08 11:20:31.975 数据库初始化完成
[INFO] 2026-01-08 11:20:31.975 正在初始化Redis队列...
[INFO] 2026-01-08 11:20:34.028 Redis队列初始化完成 - 运行中: 0, 等待中: 0
[INFO] 2026-01-08 11:37:43.172 已加载开发环境变量: Z:\PythonWorkSpace\sophyverse-platform-backend\src\slide-svc\appconfig.json
[INFO] 2026-01-08 11:37:43.173 正在启动Celery worker...
[INFO] 2026-01-08 11:37:43.174 日志文件: Z:\PythonWorkSpace\sophyverse-platform-backend\src\slide-svc\logs\celery_worker.log
[INFO] 2026-01-08 11:37:43.185 Celery worker已启动，PID: 28364
[INFO] 2026-01-08 11:37:47.475 Starting slide-svc on port 5003
[INFO] 2026-01-08 11:37:47.550 正在初始化数据库连接...
[INFO] 2026-01-08 11:37:47.583 数据库初始化完成
[INFO] 2026-01-08 11:37:47.584 正在初始化Redis队列...
[INFO] 2026-01-08 11:37:49.659 Redis队列初始化完成 - 运行中: 0, 等待中: 0
[INFO] 2026-01-08 11:39:43.323 已加载开发环境变量: Z:\PythonWorkSpace\sophyverse-platform-backend\src\slide-svc\appconfig.json
[INFO] 2026-01-08 11:39:43.324 正在启动Celery worker...
[INFO] 2026-01-08 11:39:43.325 日志文件: Z:\PythonWorkSpace\sophyverse-platform-backend\src\slide-svc\logs\celery_worker.log
[INFO] 2026-01-08 11:39:43.334 Celery worker已启动，PID: 15512
[INFO] 2026-01-08 11:39:47.439 Starting slide-svc on port 5003
[INFO] 2026-01-08 11:39:47.529 正在初始化数据库连接...
[INFO] 2026-01-08 11:39:47.558 数据库初始化完成
[INFO] 2026-01-08 11:39:47.558 正在初始化Redis队列...
[INFO] 2026-01-08 11:39:49.616 Redis队列初始化完成 - 运行中: 0, 等待中: 0
[INFO] 2026-01-08 11:43:34.225 已加载开发环境变量: Z:\PythonWorkSpace\sophyverse-platform-backend\src\slide-svc\appconfig.json
[INFO] 2026-01-08 11:43:34.226 正在启动Celery worker...
[INFO] 2026-01-08 11:43:34.226 日志文件: Z:\PythonWorkSpace\sophyverse-platform-backend\src\slide-svc\logs\celery_worker.log
[INFO] 2026-01-08 11:43:34.234 Celery worker已启动，PID: 51388
[INFO] 2026-01-08 11:43:38.307 Starting slide-svc on port 5003
[INFO] 2026-01-08 11:43:38.372 正在初始化数据库连接...
[INFO] 2026-01-08 11:43:38.409 数据库初始化完成
[INFO] 2026-01-08 11:43:38.409 正在初始化Redis队列...
[INFO] 2026-01-08 11:43:40.472 Redis队列初始化完成 - 运行中: 0, 等待中: 0
[INFO] 2026-01-08 11:51:55.392 已加载开发环境变量: Z:\PythonWorkSpace\sophyverse-platform-backend\src\slide-svc\appconfig.json
[INFO] 2026-01-08 11:51:55.393 正在启动Celery worker...
[INFO] 2026-01-08 11:51:55.393 日志文件: Z:\PythonWorkSpace\sophyverse-platform-backend\src\slide-svc\logs\celery_worker.log
[INFO] 2026-01-08 11:51:55.401 Celery worker已启动，PID: 41792
[INFO] 2026-01-08 11:51:59.661 Starting slide-svc on port 5003
[INFO] 2026-01-08 11:51:59.766 正在初始化数据库连接...
[INFO] 2026-01-08 11:51:59.801 数据库初始化完成
[INFO] 2026-01-08 11:51:59.802 正在初始化Redis队列...
[INFO] 2026-01-08 11:52:01.867 Redis队列初始化完成 - 运行中: 0, 等待中: 0
[INFO] 2026-01-08 13:23:01.725 已加载开发环境变量: Z:\PythonWorkSpace\sophyverse-platform-backend\src\slide-svc\appconfig.json
[INFO] 2026-01-08 13:23:01.726 正在启动Celery worker...
[INFO] 2026-01-08 13:23:01.726 日志文件: Z:\PythonWorkSpace\sophyverse-platform-backend\src\slide-svc\logs\celery_worker.log
[INFO] 2026-01-08 13:23:01.741 Celery worker已启动，PID: 19692
[INFO] 2026-01-08 13:23:06.111 Starting slide-svc on port 5003
[INFO] 2026-01-08 13:23:06.207 正在初始化数据库连接...
[INFO] 2026-01-08 13:23:06.250 数据库初始化完成
[INFO] 2026-01-08 13:23:06.250 正在初始化Redis队列...
[INFO] 2026-01-08 13:31:49.864 已加载开发环境变量: Z:\PythonWorkSpace\sophyverse-platform-backend\src\slide-svc\appconfig.json
[INFO] 2026-01-08 13:31:49.865 正在启动Celery worker...
[INFO] 2026-01-08 13:31:49.865 日志文件: Z:\PythonWorkSpace\sophyverse-platform-backend\src\slide-svc\logs\celery_worker.log
[INFO] 2026-01-08 13:31:49.876 Celery worker已启动，PID: 99160
[INFO] 2026-01-08 13:31:55.057 Starting slide-svc on port 5003
[INFO] 2026-01-08 13:31:55.182 正在初始化数据库连接...
[INFO] 2026-01-08 13:31:55.250 数据库初始化完成
[INFO] 2026-01-08 13:31:55.251 正在初始化Redis队列...
[INFO] 2026-01-08 13:32:02.618 Redis队列初始化完成 - 运行中: 0, 等待中: 0
[INFO] 2026-01-08 13:41:32.734 已加载开发环境变量: Z:\PythonWorkSpace\sophyverse-platform-backend\src\slide-svc\appconfig.json
[INFO] 2026-01-08 13:41:32.735 正在启动Celery worker...
[INFO] 2026-01-08 13:41:32.735 日志文件: Z:\PythonWorkSpace\sophyverse-platform-backend\src\slide-svc\logs\celery_worker.log
[INFO] 2026-01-08 13:41:32.743 Celery worker已启动，PID: 98980
[INFO] 2026-01-08 13:41:37.608 Starting slide-svc on port 5003
[INFO] 2026-01-08 13:41:37.717 正在初始化数据库连接...
[INFO] 2026-01-08 13:41:37.787 数据库初始化完成
[INFO] 2026-01-08 13:41:37.787 正在初始化Redis队列...
[INFO] 2026-01-08 13:41:39.841 已删除无结果的系统记录: paper_id=2501.02441, agent_type=poster, source=arxiv
[INFO] 2026-01-08 13:41:39.844 已将中断的任务标记为失败: 5c827b3b-630e-4864-b4ef-47d580f90340
[INFO] 2026-01-08 13:41:39.849 Redis队列初始化完成 - 运行中: 0, 等待中: 0
[INFO] 2026-01-08 13:46:47.550 已加载开发环境变量: Z:\PythonWorkSpace\sophyverse-platform-backend\src\slide-svc\appconfig.json
[INFO] 2026-01-08 13:46:47.551 正在启动Celery worker...
[INFO] 2026-01-08 13:46:47.551 日志文件: Z:\PythonWorkSpace\sophyverse-platform-backend\src\slide-svc\logs\celery_worker.log
[INFO] 2026-01-08 13:46:47.559 Celery worker已启动，PID: 71096
[INFO] 2026-01-08 13:46:52.292 Starting slide-svc on port 5003
[INFO] 2026-01-08 13:46:52.382 正在初始化数据库连接...
[INFO] 2026-01-08 13:46:52.415 数据库初始化完成
[INFO] 2026-01-08 13:46:52.417 正在初始化Redis队列...
[INFO] 2026-01-08 13:46:54.470 Redis队列初始化完成 - 运行中: 0, 等待中: 0
[INFO] 2026-01-08 13:53:41.475 已加载开发环境变量: Z:\PythonWorkSpace\sophyverse-platform-backend\src\slide-svc\appconfig.json
[INFO] 2026-01-08 13:53:41.476 正在启动Celery worker...
[INFO] 2026-01-08 13:53:41.477 日志文件: Z:\PythonWorkSpace\sophyverse-platform-backend\src\slide-svc\logs\celery_worker.log
[INFO] 2026-01-08 13:53:41.486 Celery worker已启动，PID: 47928
[INFO] 2026-01-08 13:53:46.259 Starting slide-svc on port 5003
[INFO] 2026-01-08 13:53:46.378 正在初始化数据库连接...
[INFO] 2026-01-08 13:53:46.419 数据库初始化完成
[INFO] 2026-01-08 13:53:46.419 正在初始化Redis队列...
[INFO] 2026-01-08 13:53:48.485 Redis队列初始化完成 - 运行中: 0, 等待中: 0
[INFO] 2026-01-08 13:55:50.176 已加载开发环境变量: Z:\PythonWorkSpace\sophyverse-platform-backend\src\slide-svc\appconfig.json
[INFO] 2026-01-08 13:55:50.177 正在启动Celery worker...
[INFO] 2026-01-08 13:55:50.179 日志文件: Z:\PythonWorkSpace\sophyverse-platform-backend\src\slide-svc\logs\celery_worker.log
[INFO] 2026-01-08 13:55:50.187 Celery worker已启动，PID: 61368
[INFO] 2026-01-08 13:55:54.220 Starting slide-svc on port 5003
[INFO] 2026-01-08 13:55:54.285 正在初始化数据库连接...
[INFO] 2026-01-08 13:55:54.328 数据库初始化完成
[INFO] 2026-01-08 13:55:54.329 正在初始化Redis队列...
[INFO] 2026-01-08 13:55:56.373 Redis队列初始化完成 - 运行中: 0, 等待中: 0
[INFO] 2026-01-08 14:32:29.792 已加载开发环境变量: Z:\PythonWorkSpace\sophyverse-platform-backend\src\slide-svc\appconfig.json
[INFO] 2026-01-08 14:32:29.793 正在启动Celery worker...
[INFO] 2026-01-08 14:32:29.793 日志文件: Z:\PythonWorkSpace\sophyverse-platform-backend\src\slide-svc\logs\celery_worker.log
[INFO] 2026-01-08 14:32:29.803 Celery worker已启动，PID: 1960
[INFO] 2026-01-08 14:32:34.600 Starting slide-svc on port 5003
[INFO] 2026-01-08 14:32:34.716 正在初始化数据库连接...
[INFO] 2026-01-08 14:32:34.781 数据库初始化完成
[INFO] 2026-01-08 14:32:34.782 正在初始化Redis队列...
[INFO] 2026-01-08 14:32:36.898 Redis队列初始化完成 - 运行中: 0, 等待中: 0
